# JRE version: OpenJDK Runtime Environment (21.0.1+12) (build 21.0.1+12-29)
# Java VM: OpenJDK 64-Bit Server VM (21.0.1+12-29, mixed mode, emulated-client, sharing, tiered, compressed oops, compressed class ptrs, g1 gc, windows-amd64)
GC Precious Log:
 CardTable entry size: 512
 Card Set container configuration: InlinePtr #cards 5 size 8 Array Of Cards #cards 12 size 40 Howl #buckets 4 coarsen threshold 1843 Howl Bitmap #cards 512 size 80 coarsen threshold 460 Card regions per heap region 1 cards per card region 2048
 CPUs: 4 total, 4 available
 Memory: 8097M
 Large Page Support: Disabled
 NUMA Support: Disabled
 Compressed Oops: Enabled (32-bit)
 Heap Region Size: 1M
 Heap Min Capacity: 8M
 Heap Initial Capacity: 128M
 Heap Max Capacity: 2026M
 Pre-touch: Disabled
 Parallel Workers: 4
 Concurrent Workers: 1
 Concurrent Refinement Workers: 4
 Periodic GC: Disabled
Heap:
 garbage-first heap   total 51200K, used 25508K [0x0000000081600000, 0x0000000100000000)
  region size 1024K, 9 young (9216K), 2 survivors (2048K)
 Metaspace       used 35397K, committed 35904K, reserved 1114112K
  class space    used 4948K, committed 5184K, reserved 1048576K
GC Heap History (14 events):
Event: 8.341 GC heap before
{Heap before GC invocations=0 (full 0):
 garbage-first heap   total 131072K, used 13312K [0x0000000081600000, 0x0000000100000000)
  region size 1024K, 13 young (13312K), 0 survivors (0K)
 Metaspace       used 3586K, committed 3712K, reserved 1114112K
  class space    used 410K, committed 448K, reserved 1048576K
}
Event: 8.358 GC heap after
{Heap after GC invocations=1 (full 0):
 garbage-first heap   total 131072K, used 7295K [0x0000000081600000, 0x0000000100000000)
  region size 1024K, 2 young (2048K), 2 survivors (2048K)
 Metaspace       used 3586K, committed 3712K, reserved 1114112K
  class space    used 410K, committed 448K, reserved 1048576K
}
Event: 16.796 GC heap before
{Heap before GC invocations=1 (full 0):
 garbage-first heap   total 131072K, used 17535K [0x0000000081600000, 0x0000000100000000)
  region size 1024K, 12 young (12288K), 2 survivors (2048K)
 Metaspace       used 7498K, committed 7808K, reserved 1114112K
  class space    used 912K, committed 1024K, reserved 1048576K
}
Event: 16.805 GC heap after
{Heap after GC invocations=2 (full 0):
 garbage-first heap   total 131072K, used 8199K [0x0000000081600000, 0x0000000100000000)
  region size 1024K, 2 young (2048K), 2 survivors (2048K)
 Metaspace       used 7498K, committed 7808K, reserved 1114112K
  class space    used 912K, committed 1024K, reserved 1048576K
}
Event: 22.176 GC heap before
{Heap before GC invocations=2 (full 0):
 garbage-first heap   total 131072K, used 39943K [0x0000000081600000, 0x0000000100000000)
  region size 1024K, 34 young (34816K), 2 survivors (2048K)
 Metaspace       used 15447K, committed 15744K, reserved 1114112K
  class space    used 1987K, committed 2112K, reserved 1048576K
}
Event: 22.184 GC heap after
{Heap after GC invocations=3 (full 0):
 garbage-first heap   total 131072K, used 11068K [0x0000000081600000, 0x0000000100000000)
  region size 1024K, 4 young (4096K), 4 survivors (4096K)
 Metaspace       used 15447K, committed 15744K, reserved 1114112K
  class space    used 1987K, committed 2112K, reserved 1048576K
}
Event: 27.245 GC heap before
{Heap before GC invocations=3 (full 0):
 garbage-first heap   total 131072K, used 52028K [0x0000000081600000, 0x0000000100000000)
  region size 1024K, 45 young (46080K), 4 survivors (4096K)
 Metaspace       used 21230K, committed 21504K, reserved 1114112K
  class space    used 2803K, committed 2944K, reserved 1048576K
}
Event: 27.263 GC heap after
{Heap after GC invocations=4 (full 0):
 garbage-first heap   total 131072K, used 14140K [0x0000000081600000, 0x0000000100000000)
  region size 1024K, 7 young (7168K), 7 survivors (7168K)
 Metaspace       used 21230K, committed 21504K, reserved 1114112K
  class space    used 2803K, committed 2944K, reserved 1048576K
}
Event: 31.915 GC heap before
{Heap before GC invocations=5 (full 0):
 garbage-first heap   total 51200K, used 37692K [0x0000000081600000, 0x0000000100000000)
  region size 1024K, 30 young (30720K), 7 survivors (7168K)
 Metaspace       used 24559K, committed 25024K, reserved 1114112K
  class space    used 3306K, committed 3520K, reserved 1048576K
}
Event: 31.949 GC heap after
{Heap after GC invocations=6 (full 0):
 garbage-first heap   total 51200K, used 16531K [0x0000000081600000, 0x0000000100000000)
  region size 1024K, 3 young (3072K), 3 survivors (3072K)
 Metaspace       used 24559K, committed 25024K, reserved 1114112K
  class space    used 3306K, committed 3520K, reserved 1048576K
}
Event: 45.159 GC heap before
{Heap before GC invocations=6 (full 0):
 garbage-first heap   total 51200K, used 40083K [0x0000000081600000, 0x0000000100000000)
  region size 1024K, 26 young (26624K), 3 survivors (3072K)
 Metaspace       used 28592K, committed 29056K, reserved 1114112K
  class space    used 3893K, committed 4096K, reserved 1048576K
}
Event: 45.180 GC heap after
{Heap after GC invocations=7 (full 0):
 garbage-first heap   total 51200K, used 18370K [0x0000000081600000, 0x0000000100000000)
  region size 1024K, 4 young (4096K), 4 survivors (4096K)
 Metaspace       used 28592K, committed 29056K, reserved 1114112K
  class space    used 3893K, committed 4096K, reserved 1048576K
}
Event: 56.115 GC heap before
{Heap before GC invocations=7 (full 0):
 garbage-first heap   total 51200K, used 41922K [0x0000000081600000, 0x0000000100000000)
  region size 1024K, 27 young (27648K), 4 survivors (4096K)
 Metaspace       used 34036K, committed 34560K, reserved 1114112K
  class space    used 4682K, committed 4928K, reserved 1048576K
}
Event: 56.125 GC heap after
{Heap after GC invocations=8 (full 0):
 garbage-first heap   total 51200K, used 20388K [0x0000000081600000, 0x0000000100000000)
  region size 1024K, 2 young (2048K), 2 survivors (2048K)
 Metaspace       used 34036K, committed 34560K, reserved 1114112K
  class space    used 4682K, committed 4928K, reserved 1048576K
}

