# JRE version: OpenJDK Runtime Environment (21.0.1+12) (build 21.0.1+12-29)
# Java VM: OpenJDK 64-Bit Server VM (21.0.1+12-29, mixed mode, emulated-client, sharing, tiered, compressed oops, compressed class ptrs, g1 gc, windows-amd64)
GC Precious Log:
 CardTable entry size: 512
 Card Set container configuration: InlinePtr #cards 5 size 8 Array Of Cards #cards 12 size 40 Howl #buckets 4 coarsen threshold 1843 Howl Bitmap #cards 512 size 80 coarsen threshold 460 Card regions per heap region 1 cards per card region 2048
 CPUs: 4 total, 4 available
 Memory: 8097M
 Large Page Support: Disabled
 NUMA Support: Disabled
 Compressed Oops: Enabled (32-bit)
 Heap Region Size: 1M
 Heap Min Capacity: 8M
 Heap Initial Capacity: 128M
 Heap Max Capacity: 2026M
 Pre-touch: Disabled
 Parallel Workers: 4
 Concurrent Workers: 1
 Concurrent Refinement Workers: 4
 Periodic GC: Disabled
Heap:
 garbage-first heap   total 66560K, used 20303K [0x0000000081600000, 0x0000000100000000)
  region size 1024K, 5 young (5120K), 4 survivors (4096K)
 Metaspace       used 30756K, committed 31296K, reserved 1114112K
  class space    used 4192K, committed 4416K, reserved 1048576K
GC Heap History (12 events):
Event: 4.708 GC heap before
{Heap before GC invocations=0 (full 0):
 garbage-first heap   total 131072K, used 13312K [0x0000000081600000, 0x0000000100000000)
  region size 1024K, 13 young (13312K), 0 survivors (0K)
 Metaspace       used 3769K, committed 3904K, reserved 1114112K
  class space    used 437K, committed 512K, reserved 1048576K
}
Event: 4.717 GC heap after
{Heap after GC invocations=1 (full 0):
 garbage-first heap   total 131072K, used 6441K [0x0000000081600000, 0x0000000100000000)
  region size 1024K, 2 young (2048K), 2 survivors (2048K)
 Metaspace       used 3769K, committed 3904K, reserved 1114112K
  class space    used 437K, committed 512K, reserved 1048576K
}
Event: 12.621 GC heap before
{Heap before GC invocations=1 (full 0):
 garbage-first heap   total 131072K, used 19753K [0x0000000081600000, 0x0000000100000000)
  region size 1024K, 15 young (15360K), 2 survivors (2048K)
 Metaspace       used 8289K, committed 8576K, reserved 1114112K
  class space    used 1019K, committed 1152K, reserved 1048576K
}
Event: 12.631 GC heap after
{Heap after GC invocations=2 (full 0):
 garbage-first heap   total 131072K, used 8524K [0x0000000081600000, 0x0000000100000000)
  region size 1024K, 2 young (2048K), 2 survivors (2048K)
 Metaspace       used 8289K, committed 8576K, reserved 1114112K
  class space    used 1019K, committed 1152K, reserved 1048576K
}
Event: 17.276 GC heap before
{Heap before GC invocations=2 (full 0):
 garbage-first heap   total 131072K, used 34124K [0x0000000081600000, 0x0000000100000000)
  region size 1024K, 28 young (28672K), 2 survivors (2048K)
 Metaspace       used 14801K, committed 15232K, reserved 1114112K
  class space    used 1942K, committed 2112K, reserved 1048576K
}
Event: 17.289 GC heap after
{Heap after GC invocations=3 (full 0):
 garbage-first heap   total 131072K, used 10389K [0x0000000081600000, 0x0000000100000000)
  region size 1024K, 4 young (4096K), 4 survivors (4096K)
 Metaspace       used 14801K, committed 15232K, reserved 1114112K
  class space    used 1942K, committed 2112K, reserved 1048576K
}
Event: 23.729 GC heap before
{Heap before GC invocations=3 (full 0):
 garbage-first heap   total 131072K, used 48277K [0x0000000081600000, 0x0000000100000000)
  region size 1024K, 43 young (44032K), 4 survivors (4096K)
 Metaspace       used 20822K, committed 21248K, reserved 1114112K
  class space    used 2749K, committed 2944K, reserved 1048576K
}
Event: 23.747 GC heap after
{Heap after GC invocations=4 (full 0):
 garbage-first heap   total 131072K, used 14668K [0x0000000081600000, 0x0000000100000000)
  region size 1024K, 8 young (8192K), 8 survivors (8192K)
 Metaspace       used 20822K, committed 21248K, reserved 1114112K
  class space    used 2749K, committed 2944K, reserved 1048576K
}
Event: 32.236 GC heap before
{Heap before GC invocations=5 (full 0):
 garbage-first heap   total 55296K, used 54604K [0x0000000081600000, 0x0000000100000000)
  region size 1024K, 47 young (48128K), 8 survivors (8192K)
 Metaspace       used 25872K, committed 26368K, reserved 1114112K
  class space    used 3526K, committed 3776K, reserved 1048576K
}
Event: 32.273 GC heap after
{Heap after GC invocations=6 (full 0):
 garbage-first heap   total 66560K, used 17371K [0x0000000081600000, 0x0000000100000000)
  region size 1024K, 7 young (7168K), 7 survivors (7168K)
 Metaspace       used 25872K, committed 26368K, reserved 1114112K
  class space    used 3526K, committed 3776K, reserved 1048576K
}
Event: 48.734 GC heap before
{Heap before GC invocations=6 (full 0):
 garbage-first heap   total 66560K, used 50139K [0x0000000081600000, 0x0000000100000000)
  region size 1024K, 39 young (39936K), 7 survivors (7168K)
 Metaspace       used 30610K, committed 31168K, reserved 1114112K
  class space    used 4179K, committed 4416K, reserved 1048576K
}
Event: 48.784 GC heap after
{Heap after GC invocations=7 (full 0):
 garbage-first heap   total 66560K, used 20303K [0x0000000081600000, 0x0000000100000000)
  region size 1024K, 4 young (4096K), 4 survivors (4096K)
 Metaspace       used 30610K, committed 31168K, reserved 1114112K
  class space    used 4179K, committed 4416K, reserved 1048576K
}

